<?xml version="1.0" encoding="UTF-8"?>
<!-- Generated by org.testng.reporters.JUnitXMLReporter -->
<testsuite hostname="Dilip_PC" ignored="0" name="Test1" tests="1" failures="0" timestamp="03 Apr 2020 07:51:08 GMT" time="11.547" errors="0">
  <testcase name="@AfterMethod tearDownMethod" time="0.497" classname="com.pages.BaseClass">
    <failure type="java.lang.NullPointerException">
      <![CDATA[java.lang.NullPointerException
at com.pages.BaseClass.tearDownMethod(BaseClass.java:67)
... Removed 28 stack frames]]>
    </failure>
  </testcase> <!-- @AfterMethod tearDownMethod -->
  <testcase name="@AfterClass tearDown" time="0.0" classname="com.pages.BaseClass">
    <skipped/>
  </testcase> <!-- @AfterClass tearDown -->
  <testcase name="loginApp" time="4.06" classname="com.testcases.LoginTest"/>
</testsuite> <!-- Test1 -->
